[23:07:28] Using gulpfile ~/coding/gulp-practice/gulpfile.js
[23:07:28] Starting 'debug-inject'...
[23:07:28] Starting 'debug-copy-html'...
[23:07:28] Finished 'debug-copy-html' after 950 μs
[23:07:28] Starting 'debug-copy-conf'...
[23:07:28] Finished 'debug-copy-conf' after 891 μs
[23:07:28] Starting 'debug-copy-login'...
[23:07:28] Finished 'debug-copy-login' after 2.07 ms
[23:07:28] Starting 'debug-copy-data'...
[23:07:28] Finished 'debug-copy-data' after 888 μs
[23:07:28] Starting 'debug-copy'...
[23:07:28] Finished 'debug-copy' after 6.27 μs
[23:07:28] Starting 'debug-browser-sync'...
[23:07:28] Finished 'debug-browser-sync' after 33 ms
[23:07:28] Starting 'debug-watch-files'...
[23:07:28] Finished 'debug-watch-files' after 37 ms
[23:07:28] gulp-inject 19 files into index.html.
[23:07:28] gulp-inject 5 files into index.html.
[23:07:28] Finished 'debug-inject' after 258 ms
[23:07:28] Starting 'debug-index'...
[23:07:28] Finished 'debug-index' after 4.35 ms
[23:07:28] Starting 'debug'...
[23:07:28] Finished 'debug' after 5.13 μs
[BS] Access URLs:
 --------------------------------------
       Local: http://localhost:3000
    External: http://192.168.2.106:3000
 --------------------------------------
          UI: http://localhost:3001
 UI External: http://192.168.2.106:3001
 --------------------------------------
[BS] Serving files from: ./
